#
# There is insufficient memory for the Java Runtime Environment to continue.
# Native memory allocation (mmap) failed to map 251658240 bytes for G1 virtual space
# Possible reasons:
#   The system is out of physical RAM or swap space
#   The process is running with CompressedOops enabled, and the Java Heap may be blocking the growth of the native heap
# Possible solutions:
#   Reduce memory load on the system
#   Increase physical memory or swap space
#   Check if swap backing store is full
#   Decrease Java heap size (-Xmx/-Xms)
#   Decrease number of Java threads
#   Decrease Java thread stack sizes (-Xss)
#   Set larger code cache with -XX:ReservedCodeCacheSize=
#   JVM is running with Zero Based Compressed Oops mode in which the Java heap is
#     placed in the first 32GB address space. The Java Heap base address is the
#     maximum limit for the native heap growth. Please use -XX:HeapBaseMinAddress
#     to set the Java Heap base and to place the Java Heap above 32GB virtual address.
# This output file may be truncated or incomplete.
#
#  Out of Memory Error (os_windows.cpp:3532), pid=4876, tid=17928
#
# JRE version:  (17.0.2+8) (build )
# Java VM: OpenJDK 64-Bit Server VM (17.0.2+8, mixed mode, sharing, tiered, compressed oops, compressed class ptrs, g1 gc, windows-amd64)
# No core dump will be written. Minidumps are not enabled by default on client versions of Windows
#

---------------  S U M M A R Y ------------

Command Line: -Dfile.encoding=Cp1252 -XX:+ShowCodeDetailsInExceptionMessages project.CarGarageDriver

Host: AMD A6-9225 RADEON R4, 5 COMPUTE CORES 2C+3G   , 2 cores, 14G,  Windows 11 , 64 bit Build 22000 (10.0.22000.434)
Time: Sun May  7 02:36:22 2023 Hora de verano de Cuba elapsed time: 0.185511 seconds (0d 0h 0m 0s)

---------------  T H R E A D  ---------------

Current thread (0x000001fc387bc840):  JavaThread "Unknown thread" [_thread_in_vm, id=17928, stack(0x00000086e0b00000,0x00000086e0c00000)]

Stack: [0x00000086e0b00000,0x00000086e0c00000]
Native frames: (J=compiled Java code, j=interpreted, Vv=VM code, C=native code)
V  [jvm.dll+0x67564a]
V  [jvm.dll+0x82fc04]
V  [jvm.dll+0x8313ae]
V  [jvm.dll+0x831a13]
V  [jvm.dll+0x245235]
V  [jvm.dll+0x672539]
V  [jvm.dll+0x666e82]
V  [jvm.dll+0x30401b]
V  [jvm.dll+0x30b566]
V  [jvm.dll+0x35b1fe]
V  [jvm.dll+0x35b42f]
V  [jvm.dll+0x2daf58]
V  [jvm.dll+0x2dbec4]
V  [jvm.dll+0x801881]
V  [jvm.dll+0x368f81]
V  [jvm.dll+0x7e0cdc]
V  [jvm.dll+0x3eb8bf]
V  [jvm.dll+0x3ed441]
C  [jli.dll+0x5277]
C  [ucrtbase.dll+0x26c0c]
C  [KERNEL32.DLL+0x154e0]
C  [ntdll.dll+0x485b]


---------------  P R O C E S S  ---------------

Threads class SMR info:
_java_thread_list=0x00007fffe8c05e98, length=0, elements={
}

Java Threads: ( => current thread )

Other Threads:
  0x000001fc38809880 GCTaskThread "GC Thread#0" [stack: 0x00000086e0c00000,0x00000086e0d00000] [id=18700]
  0x000001fc38819da0 ConcurrentGCThread "G1 Main Marker" [stack: 0x00000086e0d00000,0x00000086e0e00000] [id=19944]
  0x000001fc3881c6c0 ConcurrentGCThread "G1 Conc#0" [stack: 0x00000086e0e00000,0x00000086e0f00000] [id=10364]

[error occurred during error reporting (printing all threads), id 0xc0000005, EXCEPTION_ACCESS_VIOLATION (0xc0000005) at pc=0x00007fffe83db9d7]

VM state: not at safepoint (not fully initialized)

VM Mutex/Monitor currently owned by a thread:  ([mutex/lock_event])
[0x000001fc387b8ae0] Heap_lock - owner thread: 0x000001fc387bc840

Heap address: 0x0000000711c00000, size: 3812 MB, Compressed Oops mode: Zero based, Oop shift amount: 3

CDS archive(s) mapped at: [0x0000000000000000-0x0000000000000000-0x0000000000000000), size 0, SharedBaseAddress: 0x0000000800000000, ArchiveRelocationMode: 0.
Narrow klass base: 0x0000000000000000, Narrow klass shift: 0, Narrow klass range: 0x0

GC Precious Log:
<Empty>

Heap:
 garbage-first heap   total 0K, used 0K [0x0000000711c00000, 0x0000000800000000)
  region size 2048K, 0 young (0K), 0 survivors (0K)

[error occurred during error reporting (printing heap information), id 0xc0000005, EXCEPTION_ACCESS_VIOLATION (0xc0000005) at pc=0x00007fffe87be899]

GC Heap History (0 events):
No events

Deoptimization events (0 events):
No events

Classes unloaded (0 events):
No events

Classes redefined (0 events):
No events

Internal exceptions (0 events):
No events

VM Operations (0 events):
No events

Events (1 events):
Event: 0.031 Loaded shared library E:\Instaladores\Programacion\Eclipse IDE\eclipse\plugins\org.eclipse.justj.openjdk.hotspot.jre.full.win32.x86_64_17.0.2.v20220201-1208\jre\bin\java.dll


Dynamic libraries:
0x00007ff607a50000 - 0x00007ff607a5e000 	E:\Instaladores\Programacion\Eclipse IDE\eclipse\plugins\org.eclipse.justj.openjdk.hotspot.jre.full.win32.x86_64_17.0.2.v20220201-1208\jre\bin\javaw.exe
0x00007ff83b400000 - 0x00007ff83b609000 	C:\Windows\SYSTEM32\ntdll.dll
0x00007ff83acf0000 - 0x00007ff83adad000 	C:\Windows\System32\KERNEL32.DLL
0x00007ff838a10000 - 0x00007ff838d84000 	C:\Windows\System32\KERNELBASE.dll
0x00007ff8388f0000 - 0x00007ff838a01000 	C:\Windows\System32\ucrtbase.dll
0x00007ff822cb0000 - 0x00007ff822cc8000 	E:\Instaladores\Programacion\Eclipse IDE\eclipse\plugins\org.eclipse.justj.openjdk.hotspot.jre.full.win32.x86_64_17.0.2.v20220201-1208\jre\bin\jli.dll
0x00007ff83b150000 - 0x00007ff83b2fc000 	C:\Windows\System32\USER32.dll
0x00007ff838d90000 - 0x00007ff838db6000 	C:\Windows\System32\win32u.dll
0x00007ff83ab80000 - 0x00007ff83aba9000 	C:\Windows\System32\GDI32.dll
0x00007ff839180000 - 0x00007ff839292000 	C:\Windows\System32\gdi32full.dll
0x00007ff838f70000 - 0x00007ff83900d000 	C:\Windows\System32\msvcp_win.dll
0x00007ff822c90000 - 0x00007ff822ca9000 	E:\Instaladores\Programacion\Eclipse IDE\eclipse\plugins\org.eclipse.justj.openjdk.hotspot.jre.full.win32.x86_64_17.0.2.v20220201-1208\jre\bin\VCRUNTIME140.dll
0x00007ff82c810000 - 0x00007ff82cab5000 	C:\Windows\WinSxS\amd64_microsoft.windows.common-controls_6595b64144ccf1df_6.0.22000.120_none_9d947278b86cc467\COMCTL32.dll
0x00007ff83ae40000 - 0x00007ff83aee3000 	C:\Windows\System32\msvcrt.dll
0x00007ff8394b0000 - 0x00007ff8394e1000 	C:\Windows\System32\IMM32.DLL
0x00007ff825e50000 - 0x00007ff825e5c000 	E:\Instaladores\Programacion\Eclipse IDE\eclipse\plugins\org.eclipse.justj.openjdk.hotspot.jre.full.win32.x86_64_17.0.2.v20220201-1208\jre\bin\vcruntime140_1.dll
0x00007ff801e60000 - 0x00007ff801ef1000 	E:\Instaladores\Programacion\Eclipse IDE\eclipse\plugins\org.eclipse.justj.openjdk.hotspot.jre.full.win32.x86_64_17.0.2.v20220201-1208\jre\bin\msvcp140.dll
0x00007fffe80f0000 - 0x00007fffe8d37000 	E:\Instaladores\Programacion\Eclipse IDE\eclipse\plugins\org.eclipse.justj.openjdk.hotspot.jre.full.win32.x86_64_17.0.2.v20220201-1208\jre\bin\server\jvm.dll
0x00007ff83af70000 - 0x00007ff83b01e000 	C:\Windows\System32\ADVAPI32.dll
0x00007ff83b320000 - 0x00007ff83b3be000 	C:\Windows\System32\sechost.dll
0x00007ff83a1a0000 - 0x00007ff83a2c0000 	C:\Windows\System32\RPCRT4.dll
0x00007ff83a190000 - 0x00007ff83a198000 	C:\Windows\System32\PSAPI.DLL
0x00007ff8254e0000 - 0x00007ff8254e9000 	C:\Windows\SYSTEM32\WSOCK32.dll
0x00007ff839440000 - 0x00007ff8394af000 	C:\Windows\System32\WS2_32.dll
0x00007ff833030000 - 0x00007ff833063000 	C:\Windows\SYSTEM32\WINMM.dll
0x00007ff8307c0000 - 0x00007ff8307ca000 	C:\Windows\SYSTEM32\VERSION.dll
0x00007ff8379f0000 - 0x00007ff837a08000 	C:\Windows\SYSTEM32\kernel.appcore.dll
0x00007ff8239d0000 - 0x00007ff8239da000 	E:\Instaladores\Programacion\Eclipse IDE\eclipse\plugins\org.eclipse.justj.openjdk.hotspot.jre.full.win32.x86_64_17.0.2.v20220201-1208\jre\bin\jimage.dll
0x00007ff830d60000 - 0x00007ff830f81000 	C:\Windows\SYSTEM32\DBGHELP.DLL
0x00007ff8231b0000 - 0x00007ff8231e1000 	C:\Windows\SYSTEM32\dbgcore.DLL
0x00007ff838ef0000 - 0x00007ff838f6f000 	C:\Windows\System32\bcryptPrimitives.dll
0x00007ff817980000 - 0x00007ff8179a5000 	E:\Instaladores\Programacion\Eclipse IDE\eclipse\plugins\org.eclipse.justj.openjdk.hotspot.jre.full.win32.x86_64_17.0.2.v20220201-1208\jre\bin\java.dll

dbghelp: loaded successfully - version: 4.0.5 - missing functions: none
symbol engine: initialized successfully - sym options: 0x614 - pdb path: .;E:\Instaladores\Programacion\Eclipse IDE\eclipse\plugins\org.eclipse.justj.openjdk.hotspot.jre.full.win32.x86_64_17.0.2.v20220201-1208\jre\bin;C:\Windows\SYSTEM32;C:\Windows\WinSxS\amd64_microsoft.windows.common-controls_6595b64144ccf1df_6.0.22000.120_none_9d947278b86cc467;E:\Instaladores\Programacion\Eclipse IDE\eclipse\plugins\org.eclipse.justj.openjdk.hotspot.jre.full.win32.x86_64_17.0.2.v20220201-1208\jre\bin\server

VM Arguments:
jvm_args: -Dfile.encoding=Cp1252 -XX:+ShowCodeDetailsInExceptionMessages 
java_command: project.CarGarageDriver
java_class_path (initial): E:\_Estudiar\_Java(Proyectos)\Car Garage and Driving Project\bin
Launcher Type: SUN_STANDARD

[Global flags]
     intx CICompilerCount                          = 2                                         {product} {ergonomic}
     uint ConcGCThreads                            = 1                                         {product} {ergonomic}
     uint G1ConcRefinementThreads                  = 2                                         {product} {ergonomic}
   size_t G1HeapRegionSize                         = 2097152                                   {product} {ergonomic}
    uintx GCDrainStackTargetSize                   = 64                                        {product} {ergonomic}
   size_t InitialHeapSize                          = 251658240                                 {product} {ergonomic}
   size_t MarkStackSize                            = 4194304                                   {product} {ergonomic}
   size_t MaxHeapSize                              = 3997171712                                {product} {ergonomic}
   size_t MinHeapDeltaBytes                        = 2097152                                   {product} {ergonomic}
   size_t MinHeapSize                              = 8388608                                   {product} {ergonomic}
    uintx NonNMethodCodeHeapSize                   = 5826188                                {pd product} {ergonomic}
    uintx NonProfiledCodeHeapSize                  = 122916026                              {pd product} {ergonomic}
    uintx ProfiledCodeHeapSize                     = 122916026                              {pd product} {ergonomic}
    uintx ReservedCodeCacheSize                    = 251658240                              {pd product} {ergonomic}
     bool SegmentedCodeCache                       = true                                      {product} {ergonomic}
     bool ShowCodeDetailsInExceptionMessages       = true                                   {manageable} {command line}
   size_t SoftMaxHeapSize                          = 3997171712                             {manageable} {ergonomic}
     bool UseCompressedClassPointers               = true                           {product lp64_product} {ergonomic}
     bool UseCompressedOops                        = true                           {product lp64_product} {ergonomic}
     bool UseG1GC                                  = true                                      {product} {ergonomic}
     bool UseLargePagesIndividualAllocation        = false                                  {pd product} {ergonomic}

Logging:
Log output configuration:
 #0: stdout all=warning uptime,level,tags
 #1: stderr all=off uptime,level,tags

Environment Variables:
PATH=E:/Instaladores/Programacion/Eclipse IDE/eclipse//plugins/org.eclipse.justj.openjdk.hotspot.jre.full.win32.x86_64_17.0.2.v20220201-1208/jre/bin/server;E:/Instaladores/Programacion/Eclipse IDE/eclipse//plugins/org.eclipse.justj.openjdk.hotspot.jre.full.win32.x86_64_17.0.2.v20220201-1208/jre/bin;C:\Program Files\Common Files\Oracle\Java\javapath;C:\ProgramData\Oracle\Java\javapath;C:\Windows\system32;C:\Windows;C:\Windows\System32\Wbem;C:\Windows\System32\WindowsPowerShell\v1.0\;C:\Windows\System32\OpenSSH\;C:\Program Files\Process Lasso\;C:\Program Files\dotnet\;C:\Program Files\nodejs\;C:\Program Files\Microsoft VS Code\bin;C:\Users\NOBODY\AppData\Local\Microsoft\WindowsApps;C:\Users\NOBODY\AppData\Roaming\npm;C:\Users\NOBODY\AppData\Local\Programs\Microsoft VS Code\bin;E:\Instaladores\Programacion\Eclipse IDE\eclipse;
USERNAME=NOBODY
OS=Windows_NT
PROCESSOR_IDENTIFIER=AMD64 Family 21 Model 112 Stepping 0, AuthenticAMD



---------------  S Y S T E M  ---------------

OS:
 Windows 11 , 64 bit Build 22000 (10.0.22000.434)
OS uptime: 5 days 0:47 hours

CPU: total 2 (initial active 2) (2 cores per cpu, 1 threads per core) family 21 model 112 stepping 0 microcode 0x0, cx8, cmov, fxsr, mmx, 3dnowpref, sse, sse2, sse3, ssse3, sse4a, sse4.1, sse4.2, popcnt, lzcnt, tsc, tscinvbit, avx, avx2, aes, clmul, bmi1, bmi2, fma, vzeroupper, clflush

Memory: 4k page, system-wide physical 15247M (3812M free)
TotalPageFile size 22189M (AvailPageFile size 19M)
current process WorkingSet (physical memory assigned to process): 10M, peak: 10M
current process commit charge ("private bytes"): 47M, peak: 287M

vm_info: OpenJDK 64-Bit Server VM (17.0.2+8) for windows-amd64 JRE (17.0.2+8), built on Jan 20 2022 04:52:34 by "" with MS VC++ 16.7 (VS2019)

END.
